2026-05-23T10:50:25.899+05:30  INFO 13540 --- [hospital] [main] c.example.hospital.HospitalApplication   : Starting HospitalApplication using Java 17.0.12 with PID 13540 (D:\HospitalManagement\hospital\hospital\target\classes started by Lenovo in D:\HospitalManagement\hospital\hospital)
2026-05-23T10:50:25.905+05:30  INFO 13540 --- [hospital] [main] c.example.hospital.HospitalApplication   : No active profile set, falling back to 1 default profile: "default"
2026-05-23T10:50:26.683+05:30  INFO 13540 --- [hospital] [main] .s.d.r.c.RepositoryConfigurationDelegate : Bootstrapping Spring Data JPA repositories in DEFAULT mode.
2026-05-23T10:50:26.750+05:30  INFO 13540 --- [hospital] [main] .s.d.r.c.RepositoryConfigurationDelegate : Finished Spring Data repository scanning in 54 ms. Found 3 JPA repository interfaces.
2026-05-23T10:50:27.346+05:30  INFO 13540 --- [hospital] [main] o.s.b.w.embedded.tomcat.TomcatWebServer  : Tomcat initialized with port 8080 (http)
2026-05-23T10:50:27.370+05:30  INFO 13540 --- [hospital] [main] o.apache.catalina.core.StandardService   : Starting service [Tomcat]
2026-05-23T10:50:27.370+05:30  INFO 13540 --- [hospital] [main] o.apache.catalina.core.StandardEngine    : Starting Servlet engine: [Apache Tomcat/10.1.54]
2026-05-23T10:50:27.433+05:30  INFO 13540 --- [hospital] [main] o.a.c.c.C.[Tomcat].[localhost].[/]       : Initializing Spring embedded WebApplicationContext
2026-05-23T10:50:27.433+05:30  INFO 13540 --- [hospital] [main] w.s.c.ServletWebServerApplicationContext : Root WebApplicationContext: initialization completed in 1471 ms
2026-05-23T10:50:27.954+05:30  INFO 13540 --- [hospital] [main] o.hibernate.jpa.internal.util.LogHelper  : HHH000204: Processing PersistenceUnitInfo [name: default]
2026-05-23T10:50:28.172+05:30  INFO 13540 --- [hospital] [main] org.hibernate.Version                    : HHH000412: Hibernate ORM core version 6.6.50.Final
2026-05-23T10:50:28.263+05:30  INFO 13540 --- [hospital] [main] o.h.c.internal.RegionFactoryInitiator    : HHH000026: Second-level cache disabled
2026-05-23T10:50:28.574+05:30  INFO 13540 --- [hospital] [main] o.s.o.j.p.SpringPersistenceUnitInfo      : No LoadTimeWeaver setup: ignoring JPA class transformer
2026-05-23T10:50:28.607+05:30  INFO 13540 --- [hospital] [main] com.zaxxer.hikari.HikariDataSource       : HikariPool-1 - Starting...
2026-05-23T10:50:28.846+05:30  INFO 13540 --- [hospital] [main] com.zaxxer.hikari.pool.HikariPool        : HikariPool-1 - Added connection org.postgresql.jdbc.PgConnection@c262f2f
2026-05-23T10:50:28.848+05:30  INFO 13540 --- [hospital] [main] com.zaxxer.hikari.HikariDataSource       : HikariPool-1 - Start completed.
2026-05-23T10:50:28.950+05:30  INFO 13540 --- [hospital] [main] org.hibernate.orm.connections.pooling    : HHH10001005: Database info:
	Database JDBC URL [Connecting through datasource 'HikariDataSource (HikariPool-1)']
	Database driver: undefined/unknown
	Database version: 18.3
	Autocommit mode: undefined/unknown
	Isolation level: undefined/unknown
	Minimum pool size: undefined/unknown
	Maximum pool size: undefined/unknown
2026-05-23T10:50:29.812+05:30  INFO 13540 --- [hospital] [main] o.h.e.t.j.p.i.JtaPlatformInitiator       : HHH000489: No JTA platform available (set 'hibernate.transaction.jta.platform' to enable JTA platform integration)
2026-05-23T10:50:29.874+05:30  INFO 13540 --- [hospital] [main] j.LocalContainerEntityManagerFactoryBean : Initialized JPA EntityManagerFactory for persistence unit 'default'
2026-05-23T10:50:30.461+05:30  WARN 13540 --- [hospital] [main] JpaBaseConfiguration$JpaWebConfiguration : spring.jpa.open-in-view is enabled by default. Therefore, database queries may be performed during view rendering. Explicitly configure spring.jpa.open-in-view to disable this warning
2026-05-23T10:50:31.669+05:30  INFO 13540 --- [hospital] [main] o.s.b.w.embedded.tomcat.TomcatWebServer  : Tomcat started on port 8080 (http) with context path '/'
2026-05-23T10:50:31.685+05:30  INFO 13540 --- [hospital] [main] c.example.hospital.HospitalApplication   : Started HospitalApplication in 6.329 seconds (process running for 6.761)
